<?xml version="1.0" encoding="UTF-8"?>
<testng-results skipped="0" failed="0" ignored="0" total="2" passed="2">
  <reporter-output>
  </reporter-output>
  <suite name="Default suite" duration-ms="1289" started-at="2020-11-18T22:30:55 IST" finished-at="2020-11-18T22:30:57 IST">
    <groups>
    </groups>
    <test name="Default test" duration-ms="1289" started-at="2020-11-18T22:30:55 IST" finished-at="2020-11-18T22:30:57 IST">
      <class name="basePackage.ExcelFile">
        <test-method status="PASS" signature="ReadingExcel()[pri:0, instance:basePackage.ExcelFile@27d415d9]" name="ReadingExcel" duration-ms="969" started-at="2020-11-18T22:30:55 IST" finished-at="2020-11-18T22:30:56 IST">
          <reporter-output>
          </reporter-output>
        </test-method> <!-- ReadingExcel -->
        <test-method status="PASS" signature="WritingExcel()[pri:0, instance:basePackage.ExcelFile@27d415d9]" name="WritingExcel" duration-ms="247" started-at="2020-11-18T22:30:56 IST" finished-at="2020-11-18T22:30:57 IST">
          <reporter-output>
          </reporter-output>
        </test-method> <!-- WritingExcel -->
      </class> <!-- basePackage.ExcelFile -->
    </test> <!-- Default test -->
  </suite> <!-- Default suite -->
</testng-results>
